<?xml version="1.0" encoding="UTF-8"?>
<!-- Generated by org.testng.reporters.JUnitXMLReporter -->
<testsuite ignored="0" hostname="MASS" failures="0" tests="4" name="Test" time="9.36" errors="0" timestamp="2022-11-24T13:50:47 IST">
  <testcase classname="com.saucedemo.TestPack.TC02_VerifyLogoutFunctionality" name="verifyLogOut" time="0.354"/>
  <testcase classname="com.saucedemo.TestPack.TC04_Verify_AllProduct_AddToCart_Functionality" name="VerifyLogout" time="0.012"/>
  <testcase classname="com.saucedemo.TestPack.TC03_Verify_BagProduct_AddToCart_Functionality" name="VerifyLogout" time="0.019"/>
  <testcase classname="com.saucedemo.TestPack.TC01_VerifyLoginFunctionality" name="verifyLogin" time="0.071"/>
</testsuite> <!-- Test -->
