<?xml version="1.0" encoding="UTF-8"?>
<testng-results ignored="0" total="4" passed="4" failed="0" skipped="0">
  <reporter-output>
  </reporter-output>
  <suite started-at="2022-11-24T13:50:38 IST" name="Suite" finished-at="2022-11-24T13:50:47 IST" duration-ms="9360">
    <groups>
    </groups>
    <test started-at="2022-11-24T13:50:38 IST" name="Test" finished-at="2022-11-24T13:50:47 IST" duration-ms="9360">
      <class name="com.saucedemo.TestPack.TC01_VerifyLoginFunctionality">
        <test-method is-config="true" signature="setup()[pri:0, instance:com.saucedemo.TestPack.TC01_VerifyLoginFunctionality@759d26fb]" started-at="2022-11-24T13:50:45 IST" name="setup" finished-at="2022-11-24T13:50:47 IST" duration-ms="1616" status="PASS">
          <reporter-output>
          </reporter-output>
        </test-method> <!-- setup -->
        <test-method signature="verifyLogin()[pri:0, instance:com.saucedemo.TestPack.TC01_VerifyLoginFunctionality@759d26fb]" started-at="2022-11-24T13:50:47 IST" name="verifyLogin" finished-at="2022-11-24T13:50:47 IST" duration-ms="71" status="PASS">
          <reporter-output>
          </reporter-output>
        </test-method> <!-- verifyLogin -->
        <test-method is-config="true" signature="tearDown()[pri:0, instance:com.saucedemo.TestPack.TC01_VerifyLoginFunctionality@759d26fb]" started-at="2022-11-24T13:50:47 IST" name="tearDown" finished-at="2022-11-24T13:50:47 IST" duration-ms="308" status="PASS">
          <reporter-output>
          </reporter-output>
        </test-method> <!-- tearDown -->
      </class> <!-- com.saucedemo.TestPack.TC01_VerifyLoginFunctionality -->
      <class name="com.saucedemo.TestPack.TC02_VerifyLogoutFunctionality">
        <test-method is-config="true" signature="setup()[pri:0, instance:com.saucedemo.TestPack.TC02_VerifyLogoutFunctionality@7a419da4]" started-at="2022-11-24T13:50:38 IST" name="setup" finished-at="2022-11-24T13:50:41 IST" duration-ms="2983" status="PASS">
          <reporter-output>
          </reporter-output>
        </test-method> <!-- setup -->
        <test-method signature="verifyLogOut()[pri:0, instance:com.saucedemo.TestPack.TC02_VerifyLogoutFunctionality@7a419da4]" started-at="2022-11-24T13:50:41 IST" name="verifyLogOut" finished-at="2022-11-24T13:50:41 IST" duration-ms="354" status="PASS">
          <reporter-output>
          </reporter-output>
        </test-method> <!-- verifyLogOut -->
        <test-method is-config="true" signature="tearDown()[pri:0, instance:com.saucedemo.TestPack.TC02_VerifyLogoutFunctionality@7a419da4]" started-at="2022-11-24T13:50:41 IST" name="tearDown" finished-at="2022-11-24T13:50:41 IST" duration-ms="259" status="PASS">
          <reporter-output>
          </reporter-output>
        </test-method> <!-- tearDown -->
      </class> <!-- com.saucedemo.TestPack.TC02_VerifyLogoutFunctionality -->
      <class name="com.saucedemo.TestPack.TC04_Verify_AllProduct_AddToCart_Functionality">
        <test-method is-config="true" signature="setup()[pri:0, instance:com.saucedemo.TestPack.TC04_Verify_AllProduct_AddToCart_Functionality@14555e0a]" started-at="2022-11-24T13:50:41 IST" name="setup" finished-at="2022-11-24T13:50:43 IST" duration-ms="1573" status="PASS">
          <reporter-output>
          </reporter-output>
        </test-method> <!-- setup -->
        <test-method signature="VerifyLogout()[pri:0, instance:com.saucedemo.TestPack.TC04_Verify_AllProduct_AddToCart_Functionality@14555e0a]" started-at="2022-11-24T13:50:43 IST" name="VerifyLogout" finished-at="2022-11-24T13:50:43 IST" duration-ms="12" status="PASS">
          <reporter-output>
          </reporter-output>
        </test-method> <!-- VerifyLogout -->
        <test-method is-config="true" signature="tearDown()[pri:0, instance:com.saucedemo.TestPack.TC04_Verify_AllProduct_AddToCart_Functionality@14555e0a]" started-at="2022-11-24T13:50:43 IST" name="tearDown" finished-at="2022-11-24T13:50:43 IST" duration-ms="310" status="PASS">
          <reporter-output>
          </reporter-output>
        </test-method> <!-- tearDown -->
      </class> <!-- com.saucedemo.TestPack.TC04_Verify_AllProduct_AddToCart_Functionality -->
      <class name="com.saucedemo.TestPack.TC03_Verify_BagProduct_AddToCart_Functionality">
        <test-method is-config="true" signature="setup()[pri:0, instance:com.saucedemo.TestPack.TC03_Verify_BagProduct_AddToCart_Functionality@4bb33f74]" started-at="2022-11-24T13:50:43 IST" name="setup" finished-at="2022-11-24T13:50:45 IST" duration-ms="1590" status="PASS">
          <reporter-output>
          </reporter-output>
        </test-method> <!-- setup -->
        <test-method signature="VerifyLogout()[pri:0, instance:com.saucedemo.TestPack.TC03_Verify_BagProduct_AddToCart_Functionality@4bb33f74]" started-at="2022-11-24T13:50:45 IST" name="VerifyLogout" finished-at="2022-11-24T13:50:45 IST" duration-ms="19" status="PASS">
          <reporter-output>
          </reporter-output>
        </test-method> <!-- VerifyLogout -->
        <test-method is-config="true" signature="tearDown()[pri:0, instance:com.saucedemo.TestPack.TC03_Verify_BagProduct_AddToCart_Functionality@4bb33f74]" started-at="2022-11-24T13:50:45 IST" name="tearDown" finished-at="2022-11-24T13:50:45 IST" duration-ms="219" status="PASS">
          <reporter-output>
          </reporter-output>
        </test-method> <!-- tearDown -->
      </class> <!-- com.saucedemo.TestPack.TC03_Verify_BagProduct_AddToCart_Functionality -->
    </test> <!-- Test -->
  </suite> <!-- Suite -->
</testng-results>
